<?xml version="1.0" encoding="UTF-8"?>
<testng-results ignored="0" total="1" passed="1" failed="0" skipped="0">
  <reporter-output>
    <line>
      <![CDATA[openBrowser]]>
    </line>
    <line>
      <![CDATA[Login]]>
    </line>
    <line>
      <![CDATA[createCustmer]]>
    </line>
    <line>
      <![CDATA[LogOut]]>
    </line>
    <line>
      <![CDATA[closeBrowser]]>
    </line>
  </reporter-output>
  <suite started-at="2023-05-30T15:55:24 IST" name="Default suite" finished-at="2023-05-30T15:55:58 IST" duration-ms="34058">
    <groups>
    </groups>
    <test started-at="2023-05-30T15:55:24 IST" name="Default test" finished-at="2023-05-30T15:55:58 IST" duration-ms="34058">
      <class name="com.actitme.testscript.CustomerModule">
        <test-method is-config="true" signature="openBrowser()[pri:0, instance:com.actitme.testscript.CustomerModule@c33b74f]" started-at="2023-05-30T15:55:24 IST" name="openBrowser" finished-at="2023-05-30T15:55:26 IST" duration-ms="2348" status="PASS">
          <reporter-output>
            <line>
              <![CDATA[openBrowser]]>
            </line>
          </reporter-output>
        </test-method> <!-- openBrowser -->
        <test-method is-config="true" signature="LogIn()[pri:0, instance:com.actitme.testscript.CustomerModule@c33b74f]" started-at="2023-05-30T15:55:26 IST" name="LogIn" finished-at="2023-05-30T15:55:38 IST" duration-ms="12167" status="PASS">
          <reporter-output>
            <line>
              <![CDATA[Login]]>
            </line>
          </reporter-output>
        </test-method> <!-- LogIn -->
        <test-method signature="createCustmer()[pri:0, instance:com.actitme.testscript.CustomerModule@c33b74f]" started-at="2023-05-30T15:55:38 IST" name="createCustmer" finished-at="2023-05-30T15:55:58 IST" duration-ms="19475" status="PASS">
          <reporter-output>
            <line>
              <![CDATA[createCustmer]]>
            </line>
          </reporter-output>
        </test-method> <!-- createCustmer -->
        <test-method is-config="true" signature="logOut()[pri:0, instance:com.actitme.testscript.CustomerModule@c33b74f]" started-at="2023-05-30T15:55:58 IST" name="logOut" finished-at="2023-05-30T15:55:58 IST" duration-ms="0" status="PASS">
          <reporter-output>
            <line>
              <![CDATA[LogOut]]>
            </line>
          </reporter-output>
        </test-method> <!-- logOut -->
        <test-method is-config="true" signature="closeBrowser()[pri:0, instance:com.actitme.testscript.CustomerModule@c33b74f]" started-at="2023-05-30T15:55:58 IST" name="closeBrowser" finished-at="2023-05-30T15:55:58 IST" duration-ms="0" status="PASS">
          <reporter-output>
            <line>
              <![CDATA[closeBrowser]]>
            </line>
          </reporter-output>
        </test-method> <!-- closeBrowser -->
      </class> <!-- com.actitme.testscript.CustomerModule -->
    </test> <!-- Default test -->
  </suite> <!-- Default suite -->
</testng-results>
